<?xml version="1.0" encoding="UTF-8"?>
<coverage generated="1589826625049" clover="3.2.0">
  <project timestamp="1589826625050" name="All files">
    <metrics statements="15" coveredstatements="7" conditionals="12" coveredconditionals="6" methods="3" coveredmethods="2" elements="30" coveredelements="15" complexity="0" loc="15" ncloc="15" packages="1" files="1" classes="1"/>
    <file name="input.js" path="/mnt/c/Users/STD/codefellows/401/notes/lib/input.js">
      <metrics statements="15" coveredstatements="7" conditionals="12" coveredconditionals="6" methods="3" coveredmethods="2"/>
      <line num="1" count="1" type="stmt"/>
      <line num="5" count="1" type="stmt"/>
      <line num="6" count="1" type="cond" truecount="2" falsecount="0"/>
      <line num="10" count="2" type="cond" truecount="3" falsecount="1"/>
      <line num="12" count="0" type="stmt"/>
      <line num="14" count="2" type="cond" truecount="1" falsecount="1"/>
      <line num="16" count="0" type="stmt"/>
      <line num="20" count="2" type="stmt"/>
      <line num="25" count="0" type="cond" truecount="0" falsecount="2"/>
      <line num="27" count="0" type="stmt"/>
      <line num="29" count="0" type="cond" truecount="0" falsecount="2"/>
      <line num="31" count="0" type="stmt"/>
      <line num="33" count="0" type="stmt"/>
      <line num="37" count="0" type="stmt"/>
      <line num="40" count="1" type="stmt"/>
    </file>
  </project>
</coverage>
