{"/mnt/c/Users/STD/codefellows/401/notes/lib/input.js": {"path":"/mnt/c/Users/STD/codefellows/401/notes/lib/input.js","statementMap":{"0":{"start":{"line":1,"column":17},"end":{"line":1,"column":36}},"1":{"start":{"line":5,"column":17},"end":{"line":5,"column":48}},"2":{"start":{"line":6,"column":4},"end":{"line":6,"column":33}},"3":{"start":{"line":7,"column":4},"end":{"line":7,"column":28}},"4":{"start":{"line":8,"column":4},"end":{"line":8,"column":24}},"5":{"start":{"line":9,"column":4},"end":{"line":9,"column":32}},"6":{"start":{"line":13,"column":4},"end":{"line":24,"column":5}},"7":{"start":{"line":15,"column":6},"end":{"line":15,"column":19}},"8":{"start":{"line":17,"column":9},"end":{"line":24,"column":5}},"9":{"start":{"line":19,"column":6},"end":{"line":19,"column":19}},"10":{"start":{"line":23,"column":6},"end":{"line":23,"column":18}},"11":{"start":{"line":37,"column":14},"end":{"line":40,"column":5}},"12":{"start":{"line":41,"column":4},"end":{"line":41,"column":15}},"13":{"start":{"line":44,"column":0},"end":{"line":44,"column":23}}},"fnMap":{"0":{"name":"(anonymous_0)","decl":{"start":{"line":3,"column":2},"end":{"line":3,"column":3}},"loc":{"start":{"line":4,"column":2},"end":{"line":10,"column":3}},"line":4},"1":{"name":"(anonymous_1)","decl":{"start":{"line":11,"column":2},"end":{"line":11,"column":3}},"loc":{"start":{"line":12,"column":2},"end":{"line":25,"column":3}},"line":12},"2":{"name":"(anonymous_2)","decl":{"start":{"line":27,"column":2},"end":{"line":27,"column":3}},"loc":{"start":{"line":28,"column":2},"end":{"line":42,"column":3}},"line":28}},"branchMap":{"0":{"loc":{"start":{"line":6,"column":16},"end":{"line":6,"column":32}},"type":"binary-expr","locations":[{"start":{"line":6,"column":16},"end":{"line":6,"column":24}},{"start":{"line":6,"column":26},"end":{"line":6,"column":32}}],"line":6},"1":{"loc":{"start":{"line":13,"column":4},"end":{"line":24,"column":5}},"type":"if","locations":[{"start":{"line":13,"column":4},"end":{"line":24,"column":5}},{"start":{"line":13,"column":4},"end":{"line":24,"column":5}}],"line":13},"2":{"loc":{"start":{"line":13,"column":7},"end":{"line":13,"column":45}},"type":"binary-expr","locations":[{"start":{"line":13,"column":7},"end":{"line":13,"column":27}},{"start":{"line":13,"column":30},"end":{"line":13,"column":45}}],"line":13},"3":{"loc":{"start":{"line":17,"column":9},"end":{"line":24,"column":5}},"type":"if","locations":[{"start":{"line":17,"column":9},"end":{"line":24,"column":5}},{"start":{"line":17,"column":9},"end":{"line":24,"column":5}}],"line":17}},"s":{"0":1,"1":1,"2":1,"3":1,"4":1,"5":1,"6":0,"7":0,"8":0,"9":0,"10":0,"11":0,"12":0,"13":1},"f":{"0":1,"1":0,"2":0},"b":{"0":[1,1],"1":[0,0],"2":[0,0],"3":[0,0]},"_coverageSchema":"1a1c01bbd47fc00a2c39e90264f33305004495a9","hash":"7333f5b0c14df990aa945df0bd9137f34d317bd5"}
,"/mnt/c/Users/STD/codefellows/401/notes/lib/notes.js": {"path":"/mnt/c/Users/STD/codefellows/401/notes/lib/notes.js","statementMap":{"0":{"start":{"line":1,"column":15},"end":{"line":1,"column":34}},"1":{"start":{"line":2,"column":13},"end":{"line":2,"column":48}},"2":{"start":{"line":3,"column":18},"end":{"line":3,"column":51}},"3":{"start":{"line":4,"column":0},"end":{"line":4,"column":77}},"4":{"start":{"line":10,"column":4},"end":{"line":10,"column":40}},"5":{"start":{"line":16,"column":4},"end":{"line":29,"column":5}},"6":{"start":{"line":18,"column":6},"end":{"line":18,"column":27}},"7":{"start":{"line":21,"column":9},"end":{"line":29,"column":5}},"8":{"start":{"line":24,"column":6},"end":{"line":24,"column":30}},"9":{"start":{"line":26,"column":9},"end":{"line":29,"column":5}},"10":{"start":{"line":28,"column":6},"end":{"line":28,"column":28}},"11":{"start":{"line":34,"column":19},"end":{"line":37,"column":5}},"12":{"start":{"line":39,"column":14},"end":{"line":39,"column":36}},"13":{"start":{"line":41,"column":4},"end":{"line":41,"column":23}},"14":{"start":{"line":42,"column":4},"end":{"line":42,"column":42}},"15":{"start":{"line":46,"column":11},"end":{"line":46,"column":29}},"16":{"start":{"line":47,"column":21},"end":{"line":47,"column":55}},"17":{"start":{"line":48,"column":4},"end":{"line":48,"column":38}},"18":{"start":{"line":52,"column":15},"end":{"line":52,"column":63}},"19":{"start":{"line":53,"column":4},"end":{"line":53,"column":29}},"20":{"start":{"line":57,"column":0},"end":{"line":57,"column":23}}},"fnMap":{"0":{"name":"(anonymous_0)","decl":{"start":{"line":8,"column":2},"end":{"line":8,"column":3}},"loc":{"start":{"line":9,"column":2},"end":{"line":11,"column":3}},"line":9},"1":{"name":"(anonymous_1)","decl":{"start":{"line":13,"column":2},"end":{"line":13,"column":3}},"loc":{"start":{"line":14,"column":2},"end":{"line":30,"column":3}},"line":14},"2":{"name":"(anonymous_2)","decl":{"start":{"line":31,"column":2},"end":{"line":31,"column":3}},"loc":{"start":{"line":32,"column":2},"end":{"line":43,"column":3}},"line":32},"3":{"name":"(anonymous_3)","decl":{"start":{"line":44,"column":2},"end":{"line":44,"column":3}},"loc":{"start":{"line":45,"column":2},"end":{"line":49,"column":3}},"line":45},"4":{"name":"(anonymous_4)","decl":{"start":{"line":50,"column":2},"end":{"line":50,"column":3}},"loc":{"start":{"line":51,"column":2},"end":{"line":54,"column":3}},"line":51}},"branchMap":{"0":{"loc":{"start":{"line":16,"column":4},"end":{"line":29,"column":5}},"type":"if","locations":[{"start":{"line":16,"column":4},"end":{"line":29,"column":5}},{"start":{"line":16,"column":4},"end":{"line":29,"column":5}}],"line":16},"1":{"loc":{"start":{"line":21,"column":9},"end":{"line":29,"column":5}},"type":"if","locations":[{"start":{"line":21,"column":9},"end":{"line":29,"column":5}},{"start":{"line":21,"column":9},"end":{"line":29,"column":5}}],"line":21},"2":{"loc":{"start":{"line":26,"column":9},"end":{"line":29,"column":5}},"type":"if","locations":[{"start":{"line":26,"column":9},"end":{"line":29,"column":5}},{"start":{"line":26,"column":9},"end":{"line":29,"column":5}}],"line":26}},"s":{"0":1,"1":1,"2":1,"3":1,"4":1,"5":0,"6":0,"7":0,"8":0,"9":0,"10":0,"11":1,"12":0,"13":0,"14":0,"15":1,"16":1,"17":0,"18":0,"19":0,"20":1},"f":{"0":1,"1":0,"2":1,"3":1,"4":0},"b":{"0":[0,0],"1":[0,0],"2":[0,0]},"_coverageSchema":"1a1c01bbd47fc00a2c39e90264f33305004495a9","hash":"91c3fa2c177bbb157a03f4958a74674101d27988"}
,"/mnt/c/Users/STD/codefellows/401/notes/lib/models/notes-schema.js": {"path":"/mnt/c/Users/STD/codefellows/401/notes/lib/models/notes-schema.js","statementMap":{"0":{"start":{"line":2,"column":15},"end":{"line":2,"column":34}},"1":{"start":{"line":3,"column":13},"end":{"line":6,"column":2}},"2":{"start":{"line":7,"column":0},"end":{"line":7,"column":45}}},"fnMap":{},"branchMap":{},"s":{"0":1,"1":1,"2":1},"f":{},"b":{},"_coverageSchema":"1a1c01bbd47fc00a2c39e90264f33305004495a9","hash":"8f7befd39683fa1fde915a44b16b79950d4f892b"}
}
