TN:
SF:lib/input.js
FN:3,(anonymous_0)
FN:8,(anonymous_1)
FN:24,(anonymous_2)
FNF:3
FNH:2
FNDA:1,(anonymous_0)
FNDA:2,(anonymous_1)
FNDA:0,(anonymous_2)
DA:1,1
DA:5,1
DA:6,1
DA:10,2
DA:12,1
DA:14,1
DA:16,0
DA:20,1
DA:26,0
DA:28,0
DA:30,0
DA:32,0
DA:34,0
DA:38,0
DA:41,1
LF:15
LH:8
BRDA:6,0,0,1
BRDA:6,0,1,1
BRDA:10,1,0,1
BRDA:10,1,1,1
BRDA:10,2,0,2
BRDA:10,2,1,1
BRDA:14,3,0,0
BRDA:14,3,1,1
BRDA:26,4,0,0
BRDA:26,4,1,0
BRDA:30,5,0,0
BRDA:30,5,1,0
BRF:12
BRH:7
end_of_record
TN:
SF:lib/notes.js
FN:4,(anonymous_0)
FN:10,(anonymous_1)
FN:17,(anonymous_2)
FNF:3
FNH:2
FNDA:1,(anonymous_0)
FNDA:0,(anonymous_1)
FNDA:2,(anonymous_2)
DA:6,1
DA:12,0
DA:14,0
DA:19,2
DA:22,1
DA:25,1
DA:26,1
DA:31,1
LF:8
LH:6
BRDA:12,0,0,0
BRDA:12,0,1,0
BRDA:19,1,0,1
BRDA:19,1,1,1
BRF:4
BRH:2
end_of_record
